<?xml version="1.0" encoding="UTF-8"?>
<!-- Generated by org.testng.reporters.JUnitXMLReporter -->
<testsuite ignored="1" hostname="DESKTOP-IKBQ4EE" failures="0" tests="6" name="Default test" time="15.591" errors="0" timestamp="01 Nov 2022 12:21:40 GMT">
  <testcase classname="BusinessLogic.EndToEnd" name="passedLoginTest" time="0.766"/>
  <testcase classname="BusinessLogic.EndToEnd" name="ViewAccountSummary" time="2.029"/>
  <testcase classname="BusinessLogic.EndToEnd" name="transferFunds" time="2.028"/>
  <testcase classname="BusinessLogic.EndToEnd" name="transferFunds" time="2.022"/>
  <testcase classname="BusinessLogic.EndToEnd" name="viewRecentTransactions" time="3.036"/>
  <testcase classname="BusinessLogic.EndToEnd" name="feedbackPage" time="3.023"/>
  <testcase classname="BusinessLogic.EndToEnd" name="failedLoginTest" time="0.0">
    <ignored/>
  </testcase> <!-- failedLoginTest -->
</testsuite> <!-- Default test -->
