<?xml version="1.0" encoding="UTF-8"?>
<testng-results ignored="1" total="7" passed="6" failed="0" skipped="0">
  <reporter-output>
    <line>
      <![CDATA[Browser Opened]]>
    </line>
    <line>
      <![CDATA[Application started]]>
    </line>
    <line>
      <![CDATA[FeedbackPage]]>
    </line>
    <line>
      <![CDATA[Application closed]]>
    </line>
  </reporter-output>
  <suite started-at="2022-11-01T12:21:24Z" name="Default suite" finished-at="2022-11-01T12:21:39Z" duration-ms="15591">
    <groups>
    </groups>
    <test started-at="2022-11-01T12:21:24Z" name="Default test" finished-at="2022-11-01T12:21:39Z" duration-ms="15591">
      <class name="BusinessLogic.EndToEnd">
        <test-method is-config="true" signature="BrowserLaunch()[pri:0, instance:BusinessLogic.EndToEnd@58594a11]" started-at="2022-11-01T17:51:24Z" name="BrowserLaunch" finished-at="2022-11-01T17:51:27Z" duration-ms="2653" status="PASS">
          <reporter-output>
            <line>
              <![CDATA[Browser Opened]]>
            </line>
            <line>
              <![CDATA[Application started]]>
            </line>
          </reporter-output>
        </test-method> <!-- BrowserLaunch -->
        <test-method signature="passedLoginTest()[pri:2, instance:BusinessLogic.EndToEnd@58594a11]" started-at="2022-11-01T17:51:27Z" name="passedLoginTest" description="Retry login with correct credentials" finished-at="2022-11-01T17:51:27Z" duration-ms="766" status="PASS">
          <reporter-output>
          </reporter-output>
        </test-method> <!-- passedLoginTest -->
        <test-method signature="ViewAccountSummary()[pri:3, instance:BusinessLogic.EndToEnd@58594a11]" started-at="2022-11-01T17:51:27Z" name="ViewAccountSummary" description="View Account Summary option" finished-at="2022-11-01T17:51:29Z" duration-ms="2029" status="PASS">
          <reporter-output>
          </reporter-output>
        </test-method> <!-- ViewAccountSummary -->
        <test-method signature="transferFunds()[pri:4, instance:BusinessLogic.EndToEnd@58594a11]" started-at="2022-11-01T17:51:29Z" name="transferFunds" description="Transfer Funds" finished-at="2022-11-01T17:51:31Z" duration-ms="2028" status="PASS">
          <reporter-output>
          </reporter-output>
        </test-method> <!-- transferFunds -->
        <test-method signature="transferFunds()[pri:4, instance:BusinessLogic.EndToEnd@58594a11]" started-at="2022-11-01T17:51:31Z" name="transferFunds" description="Transfer Funds" finished-at="2022-11-01T17:51:33Z" duration-ms="2022" status="PASS">
          <reporter-output>
          </reporter-output>
        </test-method> <!-- transferFunds -->
        <test-method signature="viewRecentTransactions()[pri:5, instance:BusinessLogic.EndToEnd@58594a11]" started-at="2022-11-01T17:51:33Z" name="viewRecentTransactions" description="ViewRecentTransactions" finished-at="2022-11-01T17:51:36Z" duration-ms="3036" status="PASS">
          <reporter-output>
          </reporter-output>
        </test-method> <!-- viewRecentTransactions -->
        <test-method signature="feedbackPage()[pri:6, instance:BusinessLogic.EndToEnd@58594a11]" started-at="2022-11-01T17:51:36Z" name="feedbackPage" description="FeedbackPage" finished-at="2022-11-01T17:51:39Z" duration-ms="3023" status="PASS">
          <reporter-output>
            <line>
              <![CDATA[FeedbackPage]]>
            </line>
          </reporter-output>
        </test-method> <!-- feedbackPage -->
        <test-method is-config="true" signature="quitBrowser()[pri:0, instance:BusinessLogic.EndToEnd@58594a11]" started-at="2022-11-01T17:51:39Z" name="quitBrowser" finished-at="2022-11-01T17:51:39Z" duration-ms="0" status="PASS">
          <reporter-output>
            <line>
              <![CDATA[Application closed]]>
            </line>
          </reporter-output>
        </test-method> <!-- quitBrowser -->
      </class> <!-- BusinessLogic.EndToEnd -->
    </test> <!-- Default test -->
  </suite> <!-- Default suite -->
</testng-results>
